Change Dir: /home/svs/install/obs-studio/build/CMakeFiles/CMakeTmp
Run Build Command:"/usr/bin/make" "cmTC_04ad6/fast"
/usr/bin/make -f CMakeFiles/cmTC_04ad6.dir/build.make CMakeFiles/cmTC_04ad6.dir/build
make[1]: вход в каталог «/home/user/install/obs-studio/build/CMakeFiles/CMakeTmp»
Building C object CMakeFiles/cmTC_04ad6.dir/CheckSymbolExists.c.o
/usr/bin/cc   -Wall -Wextra -Wvla -Wno-unused-function -Werror-implicit-function-declaration -Wno-missing-braces -Wno-missing-field-initializers  -std=gnu99 -fno-strict-aliasing    -o CMakeFiles/cmTC_04ad6.dir/CheckSymbolExists.c.o   -c /home/user/install/obs-studio/build/CMakeFiles/CMakeTmp/CheckSymbolExists.c
Linking C executable cmTC_04ad6
/usr/bin/cmake -E cmake_link_script CMakeFiles/cmTC_04ad6.dir/link.txt --verbose=1
/usr/bin/cc -Wall -Wextra -Wvla -Wno-unused-function -Werror-implicit-function-declaration -Wno-missing-braces -Wno-missing-field-initializers  -std=gnu99 -fno-strict-aliasing     CMakeFiles/cmTC_04ad6.dir/CheckSymbolExists.c.o  -o cmTC_04ad6 
/usr/bin/ld: CMakeFiles/cmTC_04ad6.dir/CheckSymbolExists.c.o: in function `main':
CheckSymbolExists.c:(.text+0x1b): undefined reference to `pthread_create'
collect2: error: ld returned 1 exit status
make[1]: *** [CMakeFiles/cmTC_04ad6.dir/build.make:87: cmTC_04ad6] Ошибка 1
make[1]: выход из каталога «/home/user/install/obs-studio/build/CMakeFiles/CMakeTmp»
make: *** [Makefile:121: cmTC_04ad6/fast] Ошибка 2

File /home/user/install/obs-studio/build/CMakeFiles/CMakeTmp/CheckSymbolExists.c:
/* */
#include <pthread.h>

int main(int argc, char** argv)
{
  (void)argv;
#ifndef pthread_create
  return ((int*)(&pthread_create))[argc];
#else
  (void)argc;
  return 0;
#endif
}
